<?xml version="1.0" encoding="UTF-8"?>
<testng-results ignored="0" total="1" passed="1" failed="0" skipped="0">
  <reporter-output>
  </reporter-output>
  <suite started-at="2024-07-11T12:40:18 IST" name="Default suite" finished-at="2024-07-11T12:40:26 IST" duration-ms="7904">
    <groups>
    </groups>
    <test started-at="2024-07-11T12:40:18 IST" name="Default test" finished-at="2024-07-11T12:40:26 IST" duration-ms="7904">
      <class name="com.aqm.WebTest">
        <test-method is-config="true" signature="beforeTest()[pri:0, instance:com.aqm.WebTest@14028087]" started-at="2024-07-11T12:40:18 IST" name="beforeTest" finished-at="2024-07-11T12:40:21 IST" duration-ms="2587" status="PASS">
          <reporter-output>
          </reporter-output>
        </test-method> <!-- beforeTest -->
        <test-method signature="titleTest()[pri:0, instance:com.aqm.WebTest@14028087]" started-at="2024-07-11T12:40:21 IST" name="titleTest" finished-at="2024-07-11T12:40:21 IST" duration-ms="128" status="PASS">
          <reporter-output>
          </reporter-output>
        </test-method> <!-- titleTest -->
        <test-method is-config="true" signature="afterTest()[pri:0, instance:com.aqm.WebTest@14028087]" started-at="2024-07-11T12:40:21 IST" name="afterTest" finished-at="2024-07-11T12:40:26 IST" duration-ms="5156" status="PASS">
          <reporter-output>
          </reporter-output>
        </test-method> <!-- afterTest -->
      </class> <!-- com.aqm.WebTest -->
    </test> <!-- Default test -->
  </suite> <!-- Default suite -->
</testng-results>
